============================= test session starts ==============================
platform linux -- Python 3.10.12, pytest-8.3.4, pluggy-1.5.0
rootdir: /home/hpm-mv/Documents/algorithms
configfile: pytest.ini
testpaths: tests
plugins: launch-testing-1.0.7, ament-flake8-0.12.11, ament-pep257-0.12.11, ament-copyright-0.12.11, ament-lint-0.12.11, launch-testing-ros-0.19.8, ament-xmllint-0.12.11, typeguard-4.4.2, cov-6.0.0
[False, 1, 1, 2, 1, 3, 'a', 0, 0]
2
4
[1, 2, -3, 4, 5, -7, 23]
25
Maximum Obtainable Value is 22
collected 415 items

tests/test_array.py ............................                         [  6%]
tests/test_automata.py .                                                 [  6%]
tests/test_backtrack.py .........................                        [ 13%]
tests/test_bfs.py ...                                                    [ 13%]
tests/test_bit.py .............................                          [ 20%]
tests/test_compression.py .....                                          [ 21%]
tests/test_dfs.py ........                                               [ 23%]
tests/test_dp.py ...............................                         [ 31%]
tests/test_graph.py ....................                                 [ 36%]
tests/test_greedy.py .                                                   [ 36%]
tests/test_heap.py .....                                                 [ 37%]
tests/test_histogram.py .                                                [ 37%]
tests/test_iterative_segment_tree.py .........                           [ 40%]
tests/test_linkedlist.py ............                                    [ 42%]
tests/test_map.py .........................                              [ 48%]
tests/test_maths.py ..................................................   [ 60%]
tests/test_matrix.py .............                                       [ 64%]
tests/test_ml.py ..                                                      [ 64%]
tests/test_monomial.py ........                                          [ 66%]
tests/test_polynomial.py .......                                         [ 68%]
tests/test_queues.py .....                                               [ 69%]
tests/test_search.py .............                                       [ 72%]
tests/test_set.py .                                                      [ 72%]
tests/test_sort.py ....................                                  [ 77%]
tests/test_stack.py ..........                                           [ 80%]
tests/test_streaming.py ....                                             [ 80%]
tests/test_strings.py .................................................. [ 93%]
..............                                                           [ 96%]
tests/test_tree.py ...........                                           [ 99%]
tests/test_unix.py ....                                                  [100%]

---------- coverage: platform linux, python 3.10.12-final-0 ----------
Coverage HTML written to dir htmlcov


============================= 415 passed in 3.91s ==============================
